# JRE version: OpenJDK Runtime Environment GraalVM CE 21.3.0 (17.0.1+12) (build 17.0.1+12-jvmci-21.3-b05)
# Java VM: OpenJDK 64-Bit Server VM GraalVM CE 21.3.0 (17.0.1+12-jvmci-21.3-b05, mixed mode, sharing, tiered, jvmci, jvmci compiler, compressed oops, compressed class ptrs, g1 gc, linux-amd64)
GC Precious Log:
 CPUs: 8 total, 3 available
 Memory: 3215M
 Large Page Support: Disabled
 NUMA Support: Disabled
 Compressed Oops: Enabled (32-bit)
 Heap Region Size: 1M
 Heap Min Capacity: 8M
 Heap Initial Capacity: 52M
 Heap Max Capacity: 804M
 Pre-touch: Disabled
 Parallel Workers: 3
 Concurrent Workers: 1
 Concurrent Refinement Workers: 3
 Periodic GC: Disabled
Heap:
 garbage-first heap   total 55296K, used 16402K [0x00000000cdc00000, 0x0000000100000000)
  region size 1024K, 15 young (15360K), 2 survivors (2048K)
 Metaspace       used 12939K, committed 13184K, reserved 1064960K
  class space    used 1475K, committed 1600K, reserved 1048576K
GC Heap History (6 events):
Event: 1.018 GC heap before
{Heap before GC invocations=0 (full 0):
 garbage-first heap   total 55296K, used 5964K [0x00000000cdc00000, 0x0000000100000000)
  region size 1024K, 6 young (6144K), 0 survivors (0K)
 Metaspace       used 889K, committed 1024K, reserved 1056768K
  class space    used 53K, committed 128K, reserved 1048576K
}
Event: 1.052 GC heap after
{Heap after GC invocations=1 (full 0):
 garbage-first heap   total 55296K, used 3562K [0x00000000cdc00000, 0x0000000100000000)
  region size 1024K, 1 young (1024K), 1 survivors (1024K)
 Metaspace       used 889K, committed 1024K, reserved 1056768K
  class space    used 53K, committed 128K, reserved 1048576K
}
Event: 1.481 GC heap before
{Heap before GC invocations=1 (full 0):
 garbage-first heap   total 55296K, used 6634K [0x00000000cdc00000, 0x0000000100000000)
  region size 1024K, 5 young (5120K), 1 survivors (1024K)
 Metaspace       used 1318K, committed 1472K, reserved 1056768K
  class space    used 114K, committed 192K, reserved 1048576K
}
Event: 1.495 GC heap after
{Heap after GC invocations=2 (full 0):
 garbage-first heap   total 55296K, used 3800K [0x00000000cdc00000, 0x0000000100000000)
  region size 1024K, 1 young (1024K), 1 survivors (1024K)
 Metaspace       used 1318K, committed 1472K, reserved 1056768K
  class space    used 114K, committed 192K, reserved 1048576K
}
Event: 4.694 GC heap before
{Heap before GC invocations=2 (full 0):
 garbage-first heap   total 55296K, used 17112K [0x00000000cdc00000, 0x0000000100000000)
  region size 1024K, 15 young (15360K), 1 survivors (1024K)
 Metaspace       used 5617K, committed 5824K, reserved 1056768K
  class space    used 662K, committed 768K, reserved 1048576K
}
Event: 4.833 GC heap after
{Heap after GC invocations=3 (full 0):
 garbage-first heap   total 55296K, used 5138K [0x00000000cdc00000, 0x0000000100000000)
  region size 1024K, 2 young (2048K), 2 survivors (2048K)
 Metaspace       used 5617K, committed 5824K, reserved 1056768K
  class space    used 662K, committed 768K, reserved 1048576K
}

